  Inventory.cpp
D:\Documents\GitHub\RogueLike\RogueLike\Inventory\Inventory.cpp(41,13): warning C4267: '=': conversion from 'size_t' to 'int', possible loss of data
D:\Documents\GitHub\RogueLike\RogueLike\Inventory\Inventory.cpp(51,55): warning C4244: 'argument': conversion from 'const int' to 'T', possible loss of data
          with
          [
              T=float
          ]
D:\Documents\GitHub\RogueLike\RogueLike\Inventory\Inventory.cpp(51,47): warning C4244: 'argument': conversion from 'const int' to 'T', possible loss of data
          with
          [
              T=float
          ]
D:\Documents\GitHub\RogueLike\RogueLike\Inventory\Inventory.cpp(72,56): warning C4244: 'argument': conversion from 'const int' to 'T', possible loss of data
          with
          [
              T=float
          ]
D:\Documents\GitHub\RogueLike\RogueLike\Inventory\Inventory.cpp(72,48): warning C4244: 'argument': conversion from 'const int' to 'T', possible loss of data
          with
          [
              T=float
          ]
D:\Documents\GitHub\RogueLike\RogueLike\Inventory\Inventory.cpp(144,2): warning C4267: 'return': conversion from 'size_t' to 'int', possible loss of data
D:\Documents\GitHub\RogueLike\RogueLike\Inventory\Inventory.cpp(183,40): warning C4244: 'argument': conversion from 'const int' to 'T', possible loss of data
          with
          [
              T=float
          ]
D:\Documents\GitHub\RogueLike\RogueLike\Inventory\Inventory.cpp(183,32): warning C4244: 'argument': conversion from 'const int' to 'T', possible loss of data
          with
          [
              T=float
          ]
D:\Documents\GitHub\RogueLike\RogueLike\Inventory\Inventory.cpp(187,103): warning C4244: 'argument': conversion from 'const int' to 'T', possible loss of data
          with
          [
              T=float
          ]
D:\Documents\GitHub\RogueLike\RogueLike\Inventory\Inventory.cpp(205,42): warning C4244: '+=': conversion from 'T' to 'int', possible loss of data
          with
          [
              T=float
          ]
D:\Documents\GitHub\RogueLike\RogueLike\Inventory\Inventory.cpp(225,41): warning C4244: '+=': conversion from 'T' to 'int', possible loss of data
          with
          [
              T=float
          ]
  Main.cpp
  Generating Code...
  RogueLike.vcxproj -> D:\Documents\GitHub\RogueLike\x64\Debug\RogueLike.exe
